treeX size = 7859
treeY size = 432515
treeZ size = 460011
Size = 65536 Base = 64 Time taken by parallel execution: 1138.94s
treeX size = 7859
treeY size = 179138
Input: 36352, 2048 Base: (36352, 2176, 128)
Input: 36352, 2048 Base: (36352, 2176, 128)
Input: 36352, 2112 Base: (33, 0, -1)
pos1 = -1 pos2 = 3
(36352, 2112, 64)
(0, 0, 0)(-1, -1, -1, -1)(-1)(0)
(36352, 2112, 64)(-1, -1, -1, -1)(742)(740)
Input: 36416, 2112 Base: (33, 0, -1)
pos1 = -1 pos2 = 4
(36416, 2112, 64)
(0, 0, 0)(-1, -1, -1, -1)(-1)(0)
(36416, 2112, 64)(-1, -1, -1, -1)(742)(740)
/tmp/slurmd/job1407535/slurm_script: line 15: 427759 Segmentation fault      ./../bin/cts_rand_par 0.0001 48 < ../input/pdb1HYS.mtx
treeX size = 7859
treeY size = 179138
Input: 36352, 2048 Base: (36352, 2176, 128)
Input: 36352, 2048 Base: (36352, 2176, 128)
Input: 36352, 2112 Base: (0, 0, 0)
pos1 = -1 pos2 = 3
(36352, 2112, 64)
(0, 0, 0)(-1, -1, -1, -1)(-1)(0)
(36352, 2112, 64)(-1, -1, -1, -1)(745)(743)
Input: 36416, 2112 Base: (0, 0, 0)
pos1 = -1 pos2 = 4
(36416, 2112, 64)
(0, 0, 0)(-1, -1, -1, -1)(-1)(0)
(36416, 2112, 64)(-1, -1, -1, -1)(745)(743)
/tmp/slurmd/job1407535/slurm_script: line 18: 427814 Segmentation fault      ./../bin/cts_rand 0.0001 < ../input/pdb1HYS.mtx
treeX size = 7859
treeY size = 432515
treeZ size = 460011
Size = 65536 Base = 64 Time taken by serial execution: 353.3s
